The system is: Linux - 3.10.0-1160.80.1.el7.x86_64 - x86_64
Compiling the C compiler identification source file "CMakeCCompilerId.c" succeeded.
Compiler: /cvmfs/sft.cern.ch/lcg/releases/gcc/6.2.0-b9934/x86_64-centos7/bin/gcc 
Build flags: 
Id flags: 

The output was:
0


Compilation of the C compiler identification source "CMakeCCompilerId.c" produced "a.out"

The C compiler identification is GNU, found in "/home/mancinima/padme-fw/PADME_Sensitivity/build/CMakeFiles/2.8.12.2/CompilerIdC/a.out"

Compiling the CXX compiler identification source file "CMakeCXXCompilerId.cpp" succeeded.
Compiler: /cvmfs/sft.cern.ch/lcg/releases/gcc/6.2.0-b9934/x86_64-centos7/bin/g++ 
Build flags: 
Id flags: 

The output was:
0


Compilation of the CXX compiler identification source "CMakeCXXCompilerId.cpp" produced "a.out"

The CXX compiler identification is GNU, found in "/home/mancinima/padme-fw/PADME_Sensitivity/build/CMakeFiles/2.8.12.2/CompilerIdCXX/a.out"

Determining if the C compiler works passed with the following output:
Change Dir: /home/mancinima/padme-fw/PADME_Sensitivity/build/CMakeFiles/CMakeTmp

Run Build Command:/bin/gmake "cmTryCompileExec1499670216/fast"
gmake[1]: Entering directory `/home/mancinima/padme-fw/PADME_Sensitivity/build/CMakeFiles/CMakeTmp'
/bin/gmake -f CMakeFiles/cmTryCompileExec1499670216.dir/build.make CMakeFiles/cmTryCompileExec1499670216.dir/build
gmake[2]: Entering directory `/home/mancinima/padme-fw/PADME_Sensitivity/build/CMakeFiles/CMakeTmp'
/usr/bin/cmake -E cmake_progress_report /home/mancinima/padme-fw/PADME_Sensitivity/build/CMakeFiles/CMakeTmp/CMakeFiles 1
Building C object CMakeFiles/cmTryCompileExec1499670216.dir/testCCompiler.c.o
/cvmfs/sft.cern.ch/lcg/releases/gcc/6.2.0-b9934/x86_64-centos7/bin/gcc    -o CMakeFiles/cmTryCompileExec1499670216.dir/testCCompiler.c.o   -c /home/mancinima/padme-fw/PADME_Sensitivity/build/CMakeFiles/CMakeTmp/testCCompiler.c
Linking C executable cmTryCompileExec1499670216
/usr/bin/cmake -E cmake_link_script CMakeFiles/cmTryCompileExec1499670216.dir/link.txt --verbose=1
/cvmfs/sft.cern.ch/lcg/releases/gcc/6.2.0-b9934/x86_64-centos7/bin/gcc       CMakeFiles/cmTryCompileExec1499670216.dir/testCCompiler.c.o  -o cmTryCompileExec1499670216 -rdynamic 
gmake[2]: Leaving directory `/home/mancinima/padme-fw/PADME_Sensitivity/build/CMakeFiles/CMakeTmp'
gmake[1]: Leaving directory `/home/mancinima/padme-fw/PADME_Sensitivity/build/CMakeFiles/CMakeTmp'


Detecting C compiler ABI info compiled with the following output:
Change Dir: /home/mancinima/padme-fw/PADME_Sensitivity/build/CMakeFiles/CMakeTmp

Run Build Command:/bin/gmake "cmTryCompileExec3747599561/fast"
gmake[1]: Entering directory `/home/mancinima/padme-fw/PADME_Sensitivity/build/CMakeFiles/CMakeTmp'
/bin/gmake -f CMakeFiles/cmTryCompileExec3747599561.dir/build.make CMakeFiles/cmTryCompileExec3747599561.dir/build
gmake[2]: Entering directory `/home/mancinima/padme-fw/PADME_Sensitivity/build/CMakeFiles/CMakeTmp'
/usr/bin/cmake -E cmake_progress_report /home/mancinima/padme-fw/PADME_Sensitivity/build/CMakeFiles/CMakeTmp/CMakeFiles 1
Building C object CMakeFiles/cmTryCompileExec3747599561.dir/CMakeCCompilerABI.c.o
/cvmfs/sft.cern.ch/lcg/releases/gcc/6.2.0-b9934/x86_64-centos7/bin/gcc    -o CMakeFiles/cmTryCompileExec3747599561.dir/CMakeCCompilerABI.c.o   -c /usr/share/cmake/Modules/CMakeCCompilerABI.c
Linking C executable cmTryCompileExec3747599561
/usr/bin/cmake -E cmake_link_script CMakeFiles/cmTryCompileExec3747599561.dir/link.txt --verbose=1
/cvmfs/sft.cern.ch/lcg/releases/gcc/6.2.0-b9934/x86_64-centos7/bin/gcc     -v CMakeFiles/cmTryCompileExec3747599561.dir/CMakeCCompilerABI.c.o  -o cmTryCompileExec3747599561 -rdynamic  
Using built-in specs.
COLLECT_GCC=/cvmfs/sft.cern.ch/lcg/releases/gcc/6.2.0-b9934/x86_64-centos7/bin/gcc
COLLECT_LTO_WRAPPER=/cvmfs/sft.cern.ch/lcg/releases/gcc/6.2.0-b9934/x86_64-centos7/bin/../libexec/gcc/x86_64-pc-linux-gnu/6.2.0/lto-wrapper
Target: x86_64-pc-linux-gnu
Configured with: /afs/cern.ch/cms/CAF/CMSCOMM/COMM_ECAL/dkonst/GCC/build/contrib/gcc-6.2.0/src/gcc/6.2.0/configure --prefix=/afs/cern.ch/cms/CAF/CMSCOMM/COMM_ECAL/dkonst/GCC/lcgcmake-install/gcc/6.2.0/x86_64-centos7 -with-system-zlib --disable-multilib --enable-languages=all --with-gnu-ld --with-ld=/afs/cern.ch/cms/CAF/CMSCOMM/COMM_ECAL/dkonst/GCC/lcgcmake-install/binutils/2.28/x86_64-centos7/bin/ld --with-gnu-as --with-as=/afs/cern.ch/cms/CAF/CMSCOMM/COMM_ECAL/dkonst/GCC/lcgcmake-install/binutils/2.28/x86_64-centos7/bin/as
Thread model: posix
gcc version 6.2.0 (GCC) 
COMPILER_PATH=/cvmfs/sft.cern.ch/lcg/releases/gcc/6.2.0-b9934/x86_64-centos7/bin/../libexec/gcc/x86_64-pc-linux-gnu/6.2.0/:/cvmfs/sft.cern.ch/lcg/releases/gcc/6.2.0-b9934/x86_64-centos7/bin/../libexec/gcc/:/cvmfs/sft.cern.ch/lcg/releases/gcc/6.2.0-b9934/x86_64-centos7/
LIBRARY_PATH=/cvmfs/sft.cern.ch/lcg/releases/gcc/6.2.0-b9934/x86_64-centos7/bin/../lib/gcc/x86_64-pc-linux-gnu/6.2.0/:/cvmfs/sft.cern.ch/lcg/releases/gcc/6.2.0-b9934/x86_64-centos7/bin/../lib/gcc/:/cvmfs/sft.cern.ch/lcg/releases/gcc/6.2.0-b9934/x86_64-centos7/bin/../lib/gcc/x86_64-pc-linux-gnu/6.2.0/../../../../lib64/:/lib/../lib64/:/usr/lib/../lib64/:/cvmfs/sft.cern.ch/lcg/releases/gcc/6.2.0-b9934/x86_64-centos7/bin/../lib/gcc/x86_64-pc-linux-gnu/6.2.0/../../../:/lib/:/usr/lib/
COLLECT_GCC_OPTIONS='-v' '-o' 'cmTryCompileExec3747599561' '-rdynamic' '-mtune=generic' '-march=x86-64'
 /cvmfs/sft.cern.ch/lcg/releases/gcc/6.2.0-b9934/x86_64-centos7/bin/../libexec/gcc/x86_64-pc-linux-gnu/6.2.0/collect2 -plugin /cvmfs/sft.cern.ch/lcg/releases/gcc/6.2.0-b9934/x86_64-centos7/bin/../libexec/gcc/x86_64-pc-linux-gnu/6.2.0/liblto_plugin.so -plugin-opt=/cvmfs/sft.cern.ch/lcg/releases/gcc/6.2.0-b9934/x86_64-centos7/bin/../libexec/gcc/x86_64-pc-linux-gnu/6.2.0/lto-wrapper -plugin-opt=-fresolution=/tmp/cc9YSw81.res -plugin-opt=-pass-through=-lgcc -plugin-opt=-pass-through=-lgcc_s -plugin-opt=-pass-through=-lc -plugin-opt=-pass-through=-lgcc -plugin-opt=-pass-through=-lgcc_s --eh-frame-hdr -m elf_x86_64 -export-dynamic -dynamic-linker /lib64/ld-linux-x86-64.so.2 -o cmTryCompileExec3747599561 /lib/../lib64/crt1.o /lib/../lib64/crti.o /cvmfs/sft.cern.ch/lcg/releases/gcc/6.2.0-b9934/x86_64-centos7/bin/../lib/gcc/x86_64-pc-linux-gnu/6.2.0/crtbegin.o -L/cvmfs/sft.cern.ch/lcg/releases/gcc/6.2.0-b9934/x86_64-centos7/bin/../lib/gcc/x86_64-pc-linux-gnu/6.2.0 -L/cvmfs/sft.cern.ch/lcg/releases/gcc/6.2.0-b9934/x86_64-centos7/bin/../lib/gcc -L/cvmfs/sft.cern.ch/lcg/releases/gcc/6.2.0-b9934/x86_64-centos7/bin/../lib/gcc/x86_64-pc-linux-gnu/6.2.0/../../../../lib64 -L/lib/../lib64 -L/usr/lib/../lib64 -L/cvmfs/sft.cern.ch/lcg/releases/gcc/6.2.0-b9934/x86_64-centos7/bin/../lib/gcc/x86_64-pc-linux-gnu/6.2.0/../../.. CMakeFiles/cmTryCompileExec3747599561.dir/CMakeCCompilerABI.c.o -lgcc --as-needed -lgcc_s --no-as-needed -lc -lgcc --as-needed -lgcc_s --no-as-needed /cvmfs/sft.cern.ch/lcg/releases/gcc/6.2.0-b9934/x86_64-centos7/bin/../lib/gcc/x86_64-pc-linux-gnu/6.2.0/crtend.o /lib/../lib64/crtn.o
COLLECT_GCC_OPTIONS='-v' '-o' 'cmTryCompileExec3747599561' '-rdynamic' '-mtune=generic' '-march=x86-64'
gmake[2]: Leaving directory `/home/mancinima/padme-fw/PADME_Sensitivity/build/CMakeFiles/CMakeTmp'
gmake[1]: Leaving directory `/home/mancinima/padme-fw/PADME_Sensitivity/build/CMakeFiles/CMakeTmp'


Parsed C implicit link information from above output:
  link line regex: [^( *|.*[/\])(ld|([^/\]+-)?ld|collect2)[^/\]*( |$)]
  ignore line: [Change Dir: /home/mancinima/padme-fw/PADME_Sensitivity/build/CMakeFiles/CMakeTmp]
  ignore line: []
  ignore line: [Run Build Command:/bin/gmake "cmTryCompileExec3747599561/fast"]
  ignore line: [gmake[1]: Entering directory `/home/mancinima/padme-fw/PADME_Sensitivity/build/CMakeFiles/CMakeTmp']
  ignore line: [/bin/gmake -f CMakeFiles/cmTryCompileExec3747599561.dir/build.make CMakeFiles/cmTryCompileExec3747599561.dir/build]
  ignore line: [gmake[2]: Entering directory `/home/mancinima/padme-fw/PADME_Sensitivity/build/CMakeFiles/CMakeTmp']
  ignore line: [/usr/bin/cmake -E cmake_progress_report /home/mancinima/padme-fw/PADME_Sensitivity/build/CMakeFiles/CMakeTmp/CMakeFiles 1]
  ignore line: [Building C object CMakeFiles/cmTryCompileExec3747599561.dir/CMakeCCompilerABI.c.o]
  ignore line: [/cvmfs/sft.cern.ch/lcg/releases/gcc/6.2.0-b9934/x86_64-centos7/bin/gcc    -o CMakeFiles/cmTryCompileExec3747599561.dir/CMakeCCompilerABI.c.o   -c /usr/share/cmake/Modules/CMakeCCompilerABI.c]
  ignore line: [Linking C executable cmTryCompileExec3747599561]
  ignore line: [/usr/bin/cmake -E cmake_link_script CMakeFiles/cmTryCompileExec3747599561.dir/link.txt --verbose=1]
  ignore line: [/cvmfs/sft.cern.ch/lcg/releases/gcc/6.2.0-b9934/x86_64-centos7/bin/gcc     -v CMakeFiles/cmTryCompileExec3747599561.dir/CMakeCCompilerABI.c.o  -o cmTryCompileExec3747599561 -rdynamic  ]
  ignore line: [Using built-in specs.]
  ignore line: [COLLECT_GCC=/cvmfs/sft.cern.ch/lcg/releases/gcc/6.2.0-b9934/x86_64-centos7/bin/gcc]
  ignore line: [COLLECT_LTO_WRAPPER=/cvmfs/sft.cern.ch/lcg/releases/gcc/6.2.0-b9934/x86_64-centos7/bin/../libexec/gcc/x86_64-pc-linux-gnu/6.2.0/lto-wrapper]
  ignore line: [Target: x86_64-pc-linux-gnu]
  ignore line: [Configured with: /afs/cern.ch/cms/CAF/CMSCOMM/COMM_ECAL/dkonst/GCC/build/contrib/gcc-6.2.0/src/gcc/6.2.0/configure --prefix=/afs/cern.ch/cms/CAF/CMSCOMM/COMM_ECAL/dkonst/GCC/lcgcmake-install/gcc/6.2.0/x86_64-centos7 -with-system-zlib --disable-multilib --enable-languages=all --with-gnu-ld --with-ld=/afs/cern.ch/cms/CAF/CMSCOMM/COMM_ECAL/dkonst/GCC/lcgcmake-install/binutils/2.28/x86_64-centos7/bin/ld --with-gnu-as --with-as=/afs/cern.ch/cms/CAF/CMSCOMM/COMM_ECAL/dkonst/GCC/lcgcmake-install/binutils/2.28/x86_64-centos7/bin/as]
  ignore line: [Thread model: posix]
  ignore line: [gcc version 6.2.0 (GCC) ]
  ignore line: [COMPILER_PATH=/cvmfs/sft.cern.ch/lcg/releases/gcc/6.2.0-b9934/x86_64-centos7/bin/../libexec/gcc/x86_64-pc-linux-gnu/6.2.0/:/cvmfs/sft.cern.ch/lcg/releases/gcc/6.2.0-b9934/x86_64-centos7/bin/../libexec/gcc/:/cvmfs/sft.cern.ch/lcg/releases/gcc/6.2.0-b9934/x86_64-centos7/]
  ignore line: [LIBRARY_PATH=/cvmfs/sft.cern.ch/lcg/releases/gcc/6.2.0-b9934/x86_64-centos7/bin/../lib/gcc/x86_64-pc-linux-gnu/6.2.0/:/cvmfs/sft.cern.ch/lcg/releases/gcc/6.2.0-b9934/x86_64-centos7/bin/../lib/gcc/:/cvmfs/sft.cern.ch/lcg/releases/gcc/6.2.0-b9934/x86_64-centos7/bin/../lib/gcc/x86_64-pc-linux-gnu/6.2.0/../../../../lib64/:/lib/../lib64/:/usr/lib/../lib64/:/cvmfs/sft.cern.ch/lcg/releases/gcc/6.2.0-b9934/x86_64-centos7/bin/../lib/gcc/x86_64-pc-linux-gnu/6.2.0/../../../:/lib/:/usr/lib/]
  ignore line: [COLLECT_GCC_OPTIONS='-v' '-o' 'cmTryCompileExec3747599561' '-rdynamic' '-mtune=generic' '-march=x86-64']
  link line: [ /cvmfs/sft.cern.ch/lcg/releases/gcc/6.2.0-b9934/x86_64-centos7/bin/../libexec/gcc/x86_64-pc-linux-gnu/6.2.0/collect2 -plugin /cvmfs/sft.cern.ch/lcg/releases/gcc/6.2.0-b9934/x86_64-centos7/bin/../libexec/gcc/x86_64-pc-linux-gnu/6.2.0/liblto_plugin.so -plugin-opt=/cvmfs/sft.cern.ch/lcg/releases/gcc/6.2.0-b9934/x86_64-centos7/bin/../libexec/gcc/x86_64-pc-linux-gnu/6.2.0/lto-wrapper -plugin-opt=-fresolution=/tmp/cc9YSw81.res -plugin-opt=-pass-through=-lgcc -plugin-opt=-pass-through=-lgcc_s -plugin-opt=-pass-through=-lc -plugin-opt=-pass-through=-lgcc -plugin-opt=-pass-through=-lgcc_s --eh-frame-hdr -m elf_x86_64 -export-dynamic -dynamic-linker /lib64/ld-linux-x86-64.so.2 -o cmTryCompileExec3747599561 /lib/../lib64/crt1.o /lib/../lib64/crti.o /cvmfs/sft.cern.ch/lcg/releases/gcc/6.2.0-b9934/x86_64-centos7/bin/../lib/gcc/x86_64-pc-linux-gnu/6.2.0/crtbegin.o -L/cvmfs/sft.cern.ch/lcg/releases/gcc/6.2.0-b9934/x86_64-centos7/bin/../lib/gcc/x86_64-pc-linux-gnu/6.2.0 -L/cvmfs/sft.cern.ch/lcg/releases/gcc/6.2.0-b9934/x86_64-centos7/bin/../lib/gcc -L/cvmfs/sft.cern.ch/lcg/releases/gcc/6.2.0-b9934/x86_64-centos7/bin/../lib/gcc/x86_64-pc-linux-gnu/6.2.0/../../../../lib64 -L/lib/../lib64 -L/usr/lib/../lib64 -L/cvmfs/sft.cern.ch/lcg/releases/gcc/6.2.0-b9934/x86_64-centos7/bin/../lib/gcc/x86_64-pc-linux-gnu/6.2.0/../../.. CMakeFiles/cmTryCompileExec3747599561.dir/CMakeCCompilerABI.c.o -lgcc --as-needed -lgcc_s --no-as-needed -lc -lgcc --as-needed -lgcc_s --no-as-needed /cvmfs/sft.cern.ch/lcg/releases/gcc/6.2.0-b9934/x86_64-centos7/bin/../lib/gcc/x86_64-pc-linux-gnu/6.2.0/crtend.o /lib/../lib64/crtn.o]
    arg [/cvmfs/sft.cern.ch/lcg/releases/gcc/6.2.0-b9934/x86_64-centos7/bin/../libexec/gcc/x86_64-pc-linux-gnu/6.2.0/collect2] ==> ignore
    arg [-plugin] ==> ignore
    arg [/cvmfs/sft.cern.ch/lcg/releases/gcc/6.2.0-b9934/x86_64-centos7/bin/../libexec/gcc/x86_64-pc-linux-gnu/6.2.0/liblto_plugin.so] ==> ignore
    arg [-plugin-opt=/cvmfs/sft.cern.ch/lcg/releases/gcc/6.2.0-b9934/x86_64-centos7/bin/../libexec/gcc/x86_64-pc-linux-gnu/6.2.0/lto-wrapper] ==> ignore
    arg [-plugin-opt=-fresolution=/tmp/cc9YSw81.res] ==> ignore
    arg [-plugin-opt=-pass-through=-lgcc] ==> ignore
    arg [-plugin-opt=-pass-through=-lgcc_s] ==> ignore
    arg [-plugin-opt=-pass-through=-lc] ==> ignore
    arg [-plugin-opt=-pass-through=-lgcc] ==> ignore
    arg [-plugin-opt=-pass-through=-lgcc_s] ==> ignore
    arg [--eh-frame-hdr] ==> ignore
    arg [-m] ==> ignore
    arg [elf_x86_64] ==> ignore
    arg [-export-dynamic] ==> ignore
    arg [-dynamic-linker] ==> ignore
    arg [/lib64/ld-linux-x86-64.so.2] ==> ignore
    arg [-o] ==> ignore
    arg [cmTryCompileExec3747599561] ==> ignore
    arg [/lib/../lib64/crt1.o] ==> ignore
    arg [/lib/../lib64/crti.o] ==> ignore
    arg [/cvmfs/sft.cern.ch/lcg/releases/gcc/6.2.0-b9934/x86_64-centos7/bin/../lib/gcc/x86_64-pc-linux-gnu/6.2.0/crtbegin.o] ==> ignore
    arg [-L/cvmfs/sft.cern.ch/lcg/releases/gcc/6.2.0-b9934/x86_64-centos7/bin/../lib/gcc/x86_64-pc-linux-gnu/6.2.0] ==> dir [/cvmfs/sft.cern.ch/lcg/releases/gcc/6.2.0-b9934/x86_64-centos7/bin/../lib/gcc/x86_64-pc-linux-gnu/6.2.0]
    arg [-L/cvmfs/sft.cern.ch/lcg/releases/gcc/6.2.0-b9934/x86_64-centos7/bin/../lib/gcc] ==> dir [/cvmfs/sft.cern.ch/lcg/releases/gcc/6.2.0-b9934/x86_64-centos7/bin/../lib/gcc]
    arg [-L/cvmfs/sft.cern.ch/lcg/releases/gcc/6.2.0-b9934/x86_64-centos7/bin/../lib/gcc/x86_64-pc-linux-gnu/6.2.0/../../../../lib64] ==> dir [/cvmfs/sft.cern.ch/lcg/releases/gcc/6.2.0-b9934/x86_64-centos7/bin/../lib/gcc/x86_64-pc-linux-gnu/6.2.0/../../../../lib64]
    arg [-L/lib/../lib64] ==> dir [/lib/../lib64]
    arg [-L/usr/lib/../lib64] ==> dir [/usr/lib/../lib64]
    arg [-L/cvmfs/sft.cern.ch/lcg/releases/gcc/6.2.0-b9934/x86_64-centos7/bin/../lib/gcc/x86_64-pc-linux-gnu/6.2.0/../../..] ==> dir [/cvmfs/sft.cern.ch/lcg/releases/gcc/6.2.0-b9934/x86_64-centos7/bin/../lib/gcc/x86_64-pc-linux-gnu/6.2.0/../../..]
    arg [CMakeFiles/cmTryCompileExec3747599561.dir/CMakeCCompilerABI.c.o] ==> ignore
    arg [-lgcc] ==> lib [gcc]
    arg [--as-needed] ==> ignore
    arg [-lgcc_s] ==> lib [gcc_s]
    arg [--no-as-needed] ==> ignore
    arg [-lc] ==> lib [c]
    arg [-lgcc] ==> lib [gcc]
    arg [--as-needed] ==> ignore
    arg [-lgcc_s] ==> lib [gcc_s]
    arg [--no-as-needed] ==> ignore
    arg [/cvmfs/sft.cern.ch/lcg/releases/gcc/6.2.0-b9934/x86_64-centos7/bin/../lib/gcc/x86_64-pc-linux-gnu/6.2.0/crtend.o] ==> ignore
    arg [/lib/../lib64/crtn.o] ==> ignore
  remove lib [gcc]
  remove lib [gcc_s]
  remove lib [gcc]
  remove lib [gcc_s]
  collapse library dir [/cvmfs/sft.cern.ch/lcg/releases/gcc/6.2.0-b9934/x86_64-centos7/bin/../lib/gcc/x86_64-pc-linux-gnu/6.2.0] ==> [/cvmfs/sft.cern.ch/lcg/releases/gcc/6.2.0-b9934/x86_64-centos7/lib/gcc/x86_64-pc-linux-gnu/6.2.0]
  collapse library dir [/cvmfs/sft.cern.ch/lcg/releases/gcc/6.2.0-b9934/x86_64-centos7/bin/../lib/gcc] ==> [/cvmfs/sft.cern.ch/lcg/releases/gcc/6.2.0-b9934/x86_64-centos7/lib/gcc]
  collapse library dir [/cvmfs/sft.cern.ch/lcg/releases/gcc/6.2.0-b9934/x86_64-centos7/bin/../lib/gcc/x86_64-pc-linux-gnu/6.2.0/../../../../lib64] ==> [/cvmfs/sft.cern.ch/lcg/releases/gcc/6.2.0-b9934/x86_64-centos7/lib64]
  collapse library dir [/lib/../lib64] ==> [/lib64]
  collapse library dir [/usr/lib/../lib64] ==> [/usr/lib64]
  collapse library dir [/cvmfs/sft.cern.ch/lcg/releases/gcc/6.2.0-b9934/x86_64-centos7/bin/../lib/gcc/x86_64-pc-linux-gnu/6.2.0/../../..] ==> [/cvmfs/sft.cern.ch/lcg/releases/gcc/6.2.0-b9934/x86_64-centos7/lib]
  implicit libs: [c]
  implicit dirs: [/cvmfs/sft.cern.ch/lcg/releases/gcc/6.2.0-b9934/x86_64-centos7/lib/gcc/x86_64-pc-linux-gnu/6.2.0;/cvmfs/sft.cern.ch/lcg/releases/gcc/6.2.0-b9934/x86_64-centos7/lib/gcc;/cvmfs/sft.cern.ch/lcg/releases/gcc/6.2.0-b9934/x86_64-centos7/lib64;/lib64;/usr/lib64;/cvmfs/sft.cern.ch/lcg/releases/gcc/6.2.0-b9934/x86_64-centos7/lib]
  implicit fwks: []


Determining if the CXX compiler works passed with the following output:
Change Dir: /home/mancinima/padme-fw/PADME_Sensitivity/build/CMakeFiles/CMakeTmp

Run Build Command:/bin/gmake "cmTryCompileExec2213322839/fast"
gmake[1]: Entering directory `/home/mancinima/padme-fw/PADME_Sensitivity/build/CMakeFiles/CMakeTmp'
/bin/gmake -f CMakeFiles/cmTryCompileExec2213322839.dir/build.make CMakeFiles/cmTryCompileExec2213322839.dir/build
gmake[2]: Entering directory `/home/mancinima/padme-fw/PADME_Sensitivity/build/CMakeFiles/CMakeTmp'
/usr/bin/cmake -E cmake_progress_report /home/mancinima/padme-fw/PADME_Sensitivity/build/CMakeFiles/CMakeTmp/CMakeFiles 1
Building CXX object CMakeFiles/cmTryCompileExec2213322839.dir/testCXXCompiler.cxx.o
/cvmfs/sft.cern.ch/lcg/releases/gcc/6.2.0-b9934/x86_64-centos7/bin/g++     -o CMakeFiles/cmTryCompileExec2213322839.dir/testCXXCompiler.cxx.o -c /home/mancinima/padme-fw/PADME_Sensitivity/build/CMakeFiles/CMakeTmp/testCXXCompiler.cxx
Linking CXX executable cmTryCompileExec2213322839
/usr/bin/cmake -E cmake_link_script CMakeFiles/cmTryCompileExec2213322839.dir/link.txt --verbose=1
/cvmfs/sft.cern.ch/lcg/releases/gcc/6.2.0-b9934/x86_64-centos7/bin/g++        CMakeFiles/cmTryCompileExec2213322839.dir/testCXXCompiler.cxx.o  -o cmTryCompileExec2213322839 -rdynamic 
gmake[2]: Leaving directory `/home/mancinima/padme-fw/PADME_Sensitivity/build/CMakeFiles/CMakeTmp'
gmake[1]: Leaving directory `/home/mancinima/padme-fw/PADME_Sensitivity/build/CMakeFiles/CMakeTmp'


Detecting CXX compiler ABI info compiled with the following output:
Change Dir: /home/mancinima/padme-fw/PADME_Sensitivity/build/CMakeFiles/CMakeTmp

Run Build Command:/bin/gmake "cmTryCompileExec2743307264/fast"
gmake[1]: Entering directory `/home/mancinima/padme-fw/PADME_Sensitivity/build/CMakeFiles/CMakeTmp'
/bin/gmake -f CMakeFiles/cmTryCompileExec2743307264.dir/build.make CMakeFiles/cmTryCompileExec2743307264.dir/build
gmake[2]: Entering directory `/home/mancinima/padme-fw/PADME_Sensitivity/build/CMakeFiles/CMakeTmp'
/usr/bin/cmake -E cmake_progress_report /home/mancinima/padme-fw/PADME_Sensitivity/build/CMakeFiles/CMakeTmp/CMakeFiles 1
Building CXX object CMakeFiles/cmTryCompileExec2743307264.dir/CMakeCXXCompilerABI.cpp.o
/cvmfs/sft.cern.ch/lcg/releases/gcc/6.2.0-b9934/x86_64-centos7/bin/g++     -o CMakeFiles/cmTryCompileExec2743307264.dir/CMakeCXXCompilerABI.cpp.o -c /usr/share/cmake/Modules/CMakeCXXCompilerABI.cpp
Linking CXX executable cmTryCompileExec2743307264
/usr/bin/cmake -E cmake_link_script CMakeFiles/cmTryCompileExec2743307264.dir/link.txt --verbose=1
/cvmfs/sft.cern.ch/lcg/releases/gcc/6.2.0-b9934/x86_64-centos7/bin/g++      -v CMakeFiles/cmTryCompileExec2743307264.dir/CMakeCXXCompilerABI.cpp.o  -o cmTryCompileExec2743307264 -rdynamic  
Using built-in specs.
COLLECT_GCC=/cvmfs/sft.cern.ch/lcg/releases/gcc/6.2.0-b9934/x86_64-centos7/bin/g++
COLLECT_LTO_WRAPPER=/cvmfs/sft.cern.ch/lcg/releases/gcc/6.2.0-b9934/x86_64-centos7/bin/../libexec/gcc/x86_64-pc-linux-gnu/6.2.0/lto-wrapper
Target: x86_64-pc-linux-gnu
Configured with: /afs/cern.ch/cms/CAF/CMSCOMM/COMM_ECAL/dkonst/GCC/build/contrib/gcc-6.2.0/src/gcc/6.2.0/configure --prefix=/afs/cern.ch/cms/CAF/CMSCOMM/COMM_ECAL/dkonst/GCC/lcgcmake-install/gcc/6.2.0/x86_64-centos7 -with-system-zlib --disable-multilib --enable-languages=all --with-gnu-ld --with-ld=/afs/cern.ch/cms/CAF/CMSCOMM/COMM_ECAL/dkonst/GCC/lcgcmake-install/binutils/2.28/x86_64-centos7/bin/ld --with-gnu-as --with-as=/afs/cern.ch/cms/CAF/CMSCOMM/COMM_ECAL/dkonst/GCC/lcgcmake-install/binutils/2.28/x86_64-centos7/bin/as
Thread model: posix
gcc version 6.2.0 (GCC) 
COMPILER_PATH=/cvmfs/sft.cern.ch/lcg/releases/gcc/6.2.0-b9934/x86_64-centos7/bin/../libexec/gcc/x86_64-pc-linux-gnu/6.2.0/:/cvmfs/sft.cern.ch/lcg/releases/gcc/6.2.0-b9934/x86_64-centos7/bin/../libexec/gcc/:/cvmfs/sft.cern.ch/lcg/releases/gcc/6.2.0-b9934/x86_64-centos7/
LIBRARY_PATH=/cvmfs/sft.cern.ch/lcg/releases/gcc/6.2.0-b9934/x86_64-centos7/bin/../lib/gcc/x86_64-pc-linux-gnu/6.2.0/:/cvmfs/sft.cern.ch/lcg/releases/gcc/6.2.0-b9934/x86_64-centos7/bin/../lib/gcc/:/cvmfs/sft.cern.ch/lcg/releases/gcc/6.2.0-b9934/x86_64-centos7/bin/../lib/gcc/x86_64-pc-linux-gnu/6.2.0/../../../../lib64/:/lib/../lib64/:/usr/lib/../lib64/:/cvmfs/sft.cern.ch/lcg/releases/gcc/6.2.0-b9934/x86_64-centos7/bin/../lib/gcc/x86_64-pc-linux-gnu/6.2.0/../../../:/lib/:/usr/lib/
COLLECT_GCC_OPTIONS='-v' '-o' 'cmTryCompileExec2743307264' '-rdynamic' '-shared-libgcc' '-mtune=generic' '-march=x86-64'
 /cvmfs/sft.cern.ch/lcg/releases/gcc/6.2.0-b9934/x86_64-centos7/bin/../libexec/gcc/x86_64-pc-linux-gnu/6.2.0/collect2 -plugin /cvmfs/sft.cern.ch/lcg/releases/gcc/6.2.0-b9934/x86_64-centos7/bin/../libexec/gcc/x86_64-pc-linux-gnu/6.2.0/liblto_plugin.so -plugin-opt=/cvmfs/sft.cern.ch/lcg/releases/gcc/6.2.0-b9934/x86_64-centos7/bin/../libexec/gcc/x86_64-pc-linux-gnu/6.2.0/lto-wrapper -plugin-opt=-fresolution=/tmp/ccdT7YNe.res -plugin-opt=-pass-through=-lgcc_s -plugin-opt=-pass-through=-lgcc -plugin-opt=-pass-through=-lc -plugin-opt=-pass-through=-lgcc_s -plugin-opt=-pass-through=-lgcc --eh-frame-hdr -m elf_x86_64 -export-dynamic -dynamic-linker /lib64/ld-linux-x86-64.so.2 -o cmTryCompileExec2743307264 /lib/../lib64/crt1.o /lib/../lib64/crti.o /cvmfs/sft.cern.ch/lcg/releases/gcc/6.2.0-b9934/x86_64-centos7/bin/../lib/gcc/x86_64-pc-linux-gnu/6.2.0/crtbegin.o -L/cvmfs/sft.cern.ch/lcg/releases/gcc/6.2.0-b9934/x86_64-centos7/bin/../lib/gcc/x86_64-pc-linux-gnu/6.2.0 -L/cvmfs/sft.cern.ch/lcg/releases/gcc/6.2.0-b9934/x86_64-centos7/bin/../lib/gcc -L/cvmfs/sft.cern.ch/lcg/releases/gcc/6.2.0-b9934/x86_64-centos7/bin/../lib/gcc/x86_64-pc-linux-gnu/6.2.0/../../../../lib64 -L/lib/../lib64 -L/usr/lib/../lib64 -L/cvmfs/sft.cern.ch/lcg/releases/gcc/6.2.0-b9934/x86_64-centos7/bin/../lib/gcc/x86_64-pc-linux-gnu/6.2.0/../../.. CMakeFiles/cmTryCompileExec2743307264.dir/CMakeCXXCompilerABI.cpp.o -lstdc++ -lm -lgcc_s -lgcc -lc -lgcc_s -lgcc /cvmfs/sft.cern.ch/lcg/releases/gcc/6.2.0-b9934/x86_64-centos7/bin/../lib/gcc/x86_64-pc-linux-gnu/6.2.0/crtend.o /lib/../lib64/crtn.o
COLLECT_GCC_OPTIONS='-v' '-o' 'cmTryCompileExec2743307264' '-rdynamic' '-shared-libgcc' '-mtune=generic' '-march=x86-64'
gmake[2]: Leaving directory `/home/mancinima/padme-fw/PADME_Sensitivity/build/CMakeFiles/CMakeTmp'
gmake[1]: Leaving directory `/home/mancinima/padme-fw/PADME_Sensitivity/build/CMakeFiles/CMakeTmp'


Parsed CXX implicit link information from above output:
  link line regex: [^( *|.*[/\])(ld|([^/\]+-)?ld|collect2)[^/\]*( |$)]
  ignore line: [Change Dir: /home/mancinima/padme-fw/PADME_Sensitivity/build/CMakeFiles/CMakeTmp]
  ignore line: []
  ignore line: [Run Build Command:/bin/gmake "cmTryCompileExec2743307264/fast"]
  ignore line: [gmake[1]: Entering directory `/home/mancinima/padme-fw/PADME_Sensitivity/build/CMakeFiles/CMakeTmp']
  ignore line: [/bin/gmake -f CMakeFiles/cmTryCompileExec2743307264.dir/build.make CMakeFiles/cmTryCompileExec2743307264.dir/build]
  ignore line: [gmake[2]: Entering directory `/home/mancinima/padme-fw/PADME_Sensitivity/build/CMakeFiles/CMakeTmp']
  ignore line: [/usr/bin/cmake -E cmake_progress_report /home/mancinima/padme-fw/PADME_Sensitivity/build/CMakeFiles/CMakeTmp/CMakeFiles 1]
  ignore line: [Building CXX object CMakeFiles/cmTryCompileExec2743307264.dir/CMakeCXXCompilerABI.cpp.o]
  ignore line: [/cvmfs/sft.cern.ch/lcg/releases/gcc/6.2.0-b9934/x86_64-centos7/bin/g++     -o CMakeFiles/cmTryCompileExec2743307264.dir/CMakeCXXCompilerABI.cpp.o -c /usr/share/cmake/Modules/CMakeCXXCompilerABI.cpp]
  ignore line: [Linking CXX executable cmTryCompileExec2743307264]
  ignore line: [/usr/bin/cmake -E cmake_link_script CMakeFiles/cmTryCompileExec2743307264.dir/link.txt --verbose=1]
  ignore line: [/cvmfs/sft.cern.ch/lcg/releases/gcc/6.2.0-b9934/x86_64-centos7/bin/g++      -v CMakeFiles/cmTryCompileExec2743307264.dir/CMakeCXXCompilerABI.cpp.o  -o cmTryCompileExec2743307264 -rdynamic  ]
  ignore line: [Using built-in specs.]
  ignore line: [COLLECT_GCC=/cvmfs/sft.cern.ch/lcg/releases/gcc/6.2.0-b9934/x86_64-centos7/bin/g++]
  ignore line: [COLLECT_LTO_WRAPPER=/cvmfs/sft.cern.ch/lcg/releases/gcc/6.2.0-b9934/x86_64-centos7/bin/../libexec/gcc/x86_64-pc-linux-gnu/6.2.0/lto-wrapper]
  ignore line: [Target: x86_64-pc-linux-gnu]
  ignore line: [Configured with: /afs/cern.ch/cms/CAF/CMSCOMM/COMM_ECAL/dkonst/GCC/build/contrib/gcc-6.2.0/src/gcc/6.2.0/configure --prefix=/afs/cern.ch/cms/CAF/CMSCOMM/COMM_ECAL/dkonst/GCC/lcgcmake-install/gcc/6.2.0/x86_64-centos7 -with-system-zlib --disable-multilib --enable-languages=all --with-gnu-ld --with-ld=/afs/cern.ch/cms/CAF/CMSCOMM/COMM_ECAL/dkonst/GCC/lcgcmake-install/binutils/2.28/x86_64-centos7/bin/ld --with-gnu-as --with-as=/afs/cern.ch/cms/CAF/CMSCOMM/COMM_ECAL/dkonst/GCC/lcgcmake-install/binutils/2.28/x86_64-centos7/bin/as]
  ignore line: [Thread model: posix]
  ignore line: [gcc version 6.2.0 (GCC) ]
  ignore line: [COMPILER_PATH=/cvmfs/sft.cern.ch/lcg/releases/gcc/6.2.0-b9934/x86_64-centos7/bin/../libexec/gcc/x86_64-pc-linux-gnu/6.2.0/:/cvmfs/sft.cern.ch/lcg/releases/gcc/6.2.0-b9934/x86_64-centos7/bin/../libexec/gcc/:/cvmfs/sft.cern.ch/lcg/releases/gcc/6.2.0-b9934/x86_64-centos7/]
  ignore line: [LIBRARY_PATH=/cvmfs/sft.cern.ch/lcg/releases/gcc/6.2.0-b9934/x86_64-centos7/bin/../lib/gcc/x86_64-pc-linux-gnu/6.2.0/:/cvmfs/sft.cern.ch/lcg/releases/gcc/6.2.0-b9934/x86_64-centos7/bin/../lib/gcc/:/cvmfs/sft.cern.ch/lcg/releases/gcc/6.2.0-b9934/x86_64-centos7/bin/../lib/gcc/x86_64-pc-linux-gnu/6.2.0/../../../../lib64/:/lib/../lib64/:/usr/lib/../lib64/:/cvmfs/sft.cern.ch/lcg/releases/gcc/6.2.0-b9934/x86_64-centos7/bin/../lib/gcc/x86_64-pc-linux-gnu/6.2.0/../../../:/lib/:/usr/lib/]
  ignore line: [COLLECT_GCC_OPTIONS='-v' '-o' 'cmTryCompileExec2743307264' '-rdynamic' '-shared-libgcc' '-mtune=generic' '-march=x86-64']
  link line: [ /cvmfs/sft.cern.ch/lcg/releases/gcc/6.2.0-b9934/x86_64-centos7/bin/../libexec/gcc/x86_64-pc-linux-gnu/6.2.0/collect2 -plugin /cvmfs/sft.cern.ch/lcg/releases/gcc/6.2.0-b9934/x86_64-centos7/bin/../libexec/gcc/x86_64-pc-linux-gnu/6.2.0/liblto_plugin.so -plugin-opt=/cvmfs/sft.cern.ch/lcg/releases/gcc/6.2.0-b9934/x86_64-centos7/bin/../libexec/gcc/x86_64-pc-linux-gnu/6.2.0/lto-wrapper -plugin-opt=-fresolution=/tmp/ccdT7YNe.res -plugin-opt=-pass-through=-lgcc_s -plugin-opt=-pass-through=-lgcc -plugin-opt=-pass-through=-lc -plugin-opt=-pass-through=-lgcc_s -plugin-opt=-pass-through=-lgcc --eh-frame-hdr -m elf_x86_64 -export-dynamic -dynamic-linker /lib64/ld-linux-x86-64.so.2 -o cmTryCompileExec2743307264 /lib/../lib64/crt1.o /lib/../lib64/crti.o /cvmfs/sft.cern.ch/lcg/releases/gcc/6.2.0-b9934/x86_64-centos7/bin/../lib/gcc/x86_64-pc-linux-gnu/6.2.0/crtbegin.o -L/cvmfs/sft.cern.ch/lcg/releases/gcc/6.2.0-b9934/x86_64-centos7/bin/../lib/gcc/x86_64-pc-linux-gnu/6.2.0 -L/cvmfs/sft.cern.ch/lcg/releases/gcc/6.2.0-b9934/x86_64-centos7/bin/../lib/gcc -L/cvmfs/sft.cern.ch/lcg/releases/gcc/6.2.0-b9934/x86_64-centos7/bin/../lib/gcc/x86_64-pc-linux-gnu/6.2.0/../../../../lib64 -L/lib/../lib64 -L/usr/lib/../lib64 -L/cvmfs/sft.cern.ch/lcg/releases/gcc/6.2.0-b9934/x86_64-centos7/bin/../lib/gcc/x86_64-pc-linux-gnu/6.2.0/../../.. CMakeFiles/cmTryCompileExec2743307264.dir/CMakeCXXCompilerABI.cpp.o -lstdc++ -lm -lgcc_s -lgcc -lc -lgcc_s -lgcc /cvmfs/sft.cern.ch/lcg/releases/gcc/6.2.0-b9934/x86_64-centos7/bin/../lib/gcc/x86_64-pc-linux-gnu/6.2.0/crtend.o /lib/../lib64/crtn.o]
    arg [/cvmfs/sft.cern.ch/lcg/releases/gcc/6.2.0-b9934/x86_64-centos7/bin/../libexec/gcc/x86_64-pc-linux-gnu/6.2.0/collect2] ==> ignore
    arg [-plugin] ==> ignore
    arg [/cvmfs/sft.cern.ch/lcg/releases/gcc/6.2.0-b9934/x86_64-centos7/bin/../libexec/gcc/x86_64-pc-linux-gnu/6.2.0/liblto_plugin.so] ==> ignore
    arg [-plugin-opt=/cvmfs/sft.cern.ch/lcg/releases/gcc/6.2.0-b9934/x86_64-centos7/bin/../libexec/gcc/x86_64-pc-linux-gnu/6.2.0/lto-wrapper] ==> ignore
    arg [-plugin-opt=-fresolution=/tmp/ccdT7YNe.res] ==> ignore
    arg [-plugin-opt=-pass-through=-lgcc_s] ==> ignore
    arg [-plugin-opt=-pass-through=-lgcc] ==> ignore
    arg [-plugin-opt=-pass-through=-lc] ==> ignore
    arg [-plugin-opt=-pass-through=-lgcc_s] ==> ignore
    arg [-plugin-opt=-pass-through=-lgcc] ==> ignore
    arg [--eh-frame-hdr] ==> ignore
    arg [-m] ==> ignore
    arg [elf_x86_64] ==> ignore
    arg [-export-dynamic] ==> ignore
    arg [-dynamic-linker] ==> ignore
    arg [/lib64/ld-linux-x86-64.so.2] ==> ignore
    arg [-o] ==> ignore
    arg [cmTryCompileExec2743307264] ==> ignore
    arg [/lib/../lib64/crt1.o] ==> ignore
    arg [/lib/../lib64/crti.o] ==> ignore
    arg [/cvmfs/sft.cern.ch/lcg/releases/gcc/6.2.0-b9934/x86_64-centos7/bin/../lib/gcc/x86_64-pc-linux-gnu/6.2.0/crtbegin.o] ==> ignore
    arg [-L/cvmfs/sft.cern.ch/lcg/releases/gcc/6.2.0-b9934/x86_64-centos7/bin/../lib/gcc/x86_64-pc-linux-gnu/6.2.0] ==> dir [/cvmfs/sft.cern.ch/lcg/releases/gcc/6.2.0-b9934/x86_64-centos7/bin/../lib/gcc/x86_64-pc-linux-gnu/6.2.0]
    arg [-L/cvmfs/sft.cern.ch/lcg/releases/gcc/6.2.0-b9934/x86_64-centos7/bin/../lib/gcc] ==> dir [/cvmfs/sft.cern.ch/lcg/releases/gcc/6.2.0-b9934/x86_64-centos7/bin/../lib/gcc]
    arg [-L/cvmfs/sft.cern.ch/lcg/releases/gcc/6.2.0-b9934/x86_64-centos7/bin/../lib/gcc/x86_64-pc-linux-gnu/6.2.0/../../../../lib64] ==> dir [/cvmfs/sft.cern.ch/lcg/releases/gcc/6.2.0-b9934/x86_64-centos7/bin/../lib/gcc/x86_64-pc-linux-gnu/6.2.0/../../../../lib64]
    arg [-L/lib/../lib64] ==> dir [/lib/../lib64]
    arg [-L/usr/lib/../lib64] ==> dir [/usr/lib/../lib64]
    arg [-L/cvmfs/sft.cern.ch/lcg/releases/gcc/6.2.0-b9934/x86_64-centos7/bin/../lib/gcc/x86_64-pc-linux-gnu/6.2.0/../../..] ==> dir [/cvmfs/sft.cern.ch/lcg/releases/gcc/6.2.0-b9934/x86_64-centos7/bin/../lib/gcc/x86_64-pc-linux-gnu/6.2.0/../../..]
    arg [CMakeFiles/cmTryCompileExec2743307264.dir/CMakeCXXCompilerABI.cpp.o] ==> ignore
    arg [-lstdc++] ==> lib [stdc++]
    arg [-lm] ==> lib [m]
    arg [-lgcc_s] ==> lib [gcc_s]
    arg [-lgcc] ==> lib [gcc]
    arg [-lc] ==> lib [c]
    arg [-lgcc_s] ==> lib [gcc_s]
    arg [-lgcc] ==> lib [gcc]
    arg [/cvmfs/sft.cern.ch/lcg/releases/gcc/6.2.0-b9934/x86_64-centos7/bin/../lib/gcc/x86_64-pc-linux-gnu/6.2.0/crtend.o] ==> ignore
    arg [/lib/../lib64/crtn.o] ==> ignore
  remove lib [gcc_s]
  remove lib [gcc]
  remove lib [gcc_s]
  remove lib [gcc]
  collapse library dir [/cvmfs/sft.cern.ch/lcg/releases/gcc/6.2.0-b9934/x86_64-centos7/bin/../lib/gcc/x86_64-pc-linux-gnu/6.2.0] ==> [/cvmfs/sft.cern.ch/lcg/releases/gcc/6.2.0-b9934/x86_64-centos7/lib/gcc/x86_64-pc-linux-gnu/6.2.0]
  collapse library dir [/cvmfs/sft.cern.ch/lcg/releases/gcc/6.2.0-b9934/x86_64-centos7/bin/../lib/gcc] ==> [/cvmfs/sft.cern.ch/lcg/releases/gcc/6.2.0-b9934/x86_64-centos7/lib/gcc]
  collapse library dir [/cvmfs/sft.cern.ch/lcg/releases/gcc/6.2.0-b9934/x86_64-centos7/bin/../lib/gcc/x86_64-pc-linux-gnu/6.2.0/../../../../lib64] ==> [/cvmfs/sft.cern.ch/lcg/releases/gcc/6.2.0-b9934/x86_64-centos7/lib64]
  collapse library dir [/lib/../lib64] ==> [/lib64]
  collapse library dir [/usr/lib/../lib64] ==> [/usr/lib64]
  collapse library dir [/cvmfs/sft.cern.ch/lcg/releases/gcc/6.2.0-b9934/x86_64-centos7/bin/../lib/gcc/x86_64-pc-linux-gnu/6.2.0/../../..] ==> [/cvmfs/sft.cern.ch/lcg/releases/gcc/6.2.0-b9934/x86_64-centos7/lib]
  implicit libs: [stdc++;m;c]
  implicit dirs: [/cvmfs/sft.cern.ch/lcg/releases/gcc/6.2.0-b9934/x86_64-centos7/lib/gcc/x86_64-pc-linux-gnu/6.2.0;/cvmfs/sft.cern.ch/lcg/releases/gcc/6.2.0-b9934/x86_64-centos7/lib/gcc;/cvmfs/sft.cern.ch/lcg/releases/gcc/6.2.0-b9934/x86_64-centos7/lib64;/lib64;/usr/lib64;/cvmfs/sft.cern.ch/lcg/releases/gcc/6.2.0-b9934/x86_64-centos7/lib]
  implicit fwks: []


